build/app/outputs/mapping/release/mapping.txt
# compiler: R8
# compiler_version: 1.5.64
# min_api: 16
# pg_map_id: f74bcf3
br.com.felipebufelli.chat_real_time.MainActivity -> br.com.felipebufelli.chat_real_time.MainActivity:
    void configureFlutterEngine(io.flutter.embedding.engine.FlutterEngine) -> b
...
io.flutter.embedding.android.FlutterSplashView$1 -> c.a.b.a.i$a:
    io.flutter.embedding.android.FlutterSplashView this$0 -> a
    void onFlutterEngineAttachedToFlutterView(io.flutter.embedding.engine.FlutterEngine) -> a
    void onFlutterEngineDetachedFromFlutterView() -> a
io.flutter.embedding.android.FlutterSplashView$2 -> c.a.b.a.i$b:
    io.flutter.embedding.android.FlutterSplashView this$0 -> a
    void onFlutterUiNoLongerDisplayed() -> b
    void onFlutterUiDisplayed() -> c
io.flutter.embedding.android.FlutterSplashView$3 -> c.a.b.a.i$c:
    io.flutter.embedding.android.FlutterSplashView this$0 -> a
io.flutter.embedding.android.FlutterSplashView$SavedState -> c.a.b.a.i$d:
    android.os.Bundle splashScreenState -> b
    java.lang.String previousCompletedSplashIsolate -> a
    java.lang.String access$600(io.flutter.embedding.android.FlutterSplashView$SavedState) -> a
    java.lang.String access$602(io.flutter.embedding.android.FlutterSplashView$SavedState,java.lang.String) -> a
    android.os.Bundle access$702(io.flutter.embedding.android.FlutterSplashView$SavedState,android.os.Bundle) -> a
    android.os.Bundle access$700(io.flutter.embedding.android.FlutterSplashView$SavedState) -> b
io.flutter.embedding.android.FlutterSplashView$SavedState$1 -> c.a.b.a.i$d$a:
io.flutter.embedding.android.FlutterSurfaceView -> c.a.b.a.j:
    io.flutter.embedding.engine.renderer.FlutterRenderer flutterRenderer -> d
    android.view.SurfaceHolder$Callback surfaceCallback -> e
    io.flutter.embedding.engine.renderer.FlutterUiDisplayListener flutterUiDisplayListener -> f
    boolean renderTransparently -> a
    boolean isSurfaceAvailableForRendering -> b
    boolean isAttachedToFlutterRenderer -> c
    boolean access$002(io.flutter.embedding.android.FlutterSurfaceView,boolean) -> a
    boolean access$100(io.flutter.embedding.android.FlutterSurfaceView) -> a
    void access$300(io.flutter.embedding.android.FlutterSurfaceView,int,int) -> a
    void attachToRenderer(io.flutter.embedding.engine.renderer.FlutterRenderer) -> a
    void changeSurfaceSize(int,int) -> a
    void detachFromRenderer() -> a
    void access$200(io.flutter.embedding.android.FlutterSurfaceView) -> b
    void connectSurfaceToRenderer() -> b
    void access$400(io.flutter.embedding.android.FlutterSurfaceView) -> c
    void disconnectSurfaceFromRenderer() -> c
    io.flutter.embedding.engine.renderer.FlutterRenderer access$500(io.flutter.embedding.android.FlutterSurfaceView) -> d
    void init() -> d
io.flutter.embedding.android.FlutterSurfaceView$1 -> c.a.b.a.j$a:
    io.flutter.embedding.android.FlutterSurfaceView this$0 -> a
io.flutter.embedding.android.FlutterSurfaceView$2 -> c.a.b.a.j$b:
    io.flutter.embedding.android.FlutterSurfaceView this$0 -> a
    void onFlutterUiNoLongerDisplayed() -> b
    void onFlutterUiDisplayed() -> c
io.flutter.embedding.android.FlutterTextureView -> c.a.b.a.k:
    android.view.TextureView$SurfaceTextureListener surfaceTextureListener -> d
    io.flutter.embedding.engine.renderer.FlutterRenderer flutterRenderer -> c
    boolean isSurfaceAvailableForRendering -> a
    boolean isAttachedToFlutterRenderer -> b
    boolean access$002(io.flutter.embedding.android.FlutterTextureView,boolean) -> a
    boolean access$100(io.flutter.embedding.android.FlutterTextureView) -> a
    void access$300(io.flutter.embedding.android.FlutterTextureView,int,int) -> a
    void attachToRenderer(io.flutter.embedding.engine.renderer.FlutterRenderer) -> a
    void changeSurfaceSize(int,int) -> a
    void detachFromRenderer() -> a
    void access$200(io.flutter.embedding.android.FlutterTextureView) -> b
    void connectSurfaceToRenderer() -> b
    void access$400(io.flutter.embedding.android.FlutterTextureView) -> c
    void disconnectSurfaceFromRenderer() -> c
    void init() -> d
io.flutter.embedding.android.FlutterTextureView$1 -> c.a.b.a.k$a:
    io.flutter.embedding.android.FlutterTextureView this$0 -> a